Listening on: 7000
/var/www/bartonphillipsnet/css/test.css
/var/www/bartonphillipsnet/css/blp.css
/var/www/bartonphillipsnet/js/XRegExp.js
/var/www/bartonphillipsnet/css/normalize.css
/var/www/bartonphillipsnet/modules/module.html
/var/www/bartonphillipsnet/modules/xregexp.js
/var/www/bartonphillipsnet/fonts/ibm-plex-otf/IBMPlexSans-Regular.otf
/var/www/bartonphillipsnet/css/test.css
/var/www/bartonphillipsnet/css/blp.css
/var/www/bartonphillipsnet/js/XRegExp.js
/var/www/bartonphillipsnet/modules/module.html
/var/www/bartonphillipsnet/css/normalize.css
/var/www/bartonphillipsnet/modules/xregexp.js
/var/www/bartonphillipsnet/modules/test-module.js
/var/www/bartonphillipsnet/fonts/ibm-plex-otf/IBMPlexSans-Regular.otf
/var/www/bartonphillipsnet/css/test.css
/var/www/bartonphillipsnet/css/blp.css
/var/www/bartonphillipsnet/js/XRegExp.js
/var/www/bartonphillipsnet/modules/module.html
/var/www/bartonphillipsnet/css/normalize.css
/var/www/bartonphillipsnet/modules/xregexp.js
/var/www/bartonphillipsnet/modules/test-module.js
/var/www/bartonphillipsnet/fonts/ibm-plex-otf/IBMPlexSans-Regular.otf
/var/www/bartonphillipsnet/css/test.css
/var/www/bartonphillipsnet/css/blp.css
/var/www/bartonphillipsnet/js/XRegExp.js
/var/www/bartonphillipsnet/modules/module.html
/var/www/bartonphillipsnet/css/normalize.css
/var/www/bartonphillipsnet/modules/xregexp.js
/var/www/bartonphillipsnet/modules/test-module.js
/var/www/bartonphillipsnet/fonts/ibm-plex-otf/IBMPlexSans-Regular.otf
/var/www/bartonphillipsnet/css/test.css
/var/www/bartonphillipsnet/css/blp.css
/var/www/bartonphillipsnet/modules/module.html
/var/www/bartonphillipsnet/js/XRegExp.js
/var/www/bartonphillipsnet/css/normalize.css
/var/www/bartonphillipsnet/modules/xregexp.js
/var/www/bartonphillipsnet/modules/test-module.js
/var/www/bartonphillipsnet/fonts/ibm-plex-otf/IBMPlexSans-Regular.otf
/var/www/bartonphillipsnet/css/test.css
/var/www/bartonphillipsnet/css/blp.css
/var/www/bartonphillipsnet/js/XRegExp.js
/var/www/bartonphillipsnet/modules/module.html
/var/www/bartonphillipsnet/css/normalize.css
/var/www/bartonphillipsnet/modules/xregexp.js
/var/www/bartonphillipsnet/modules/test-module.js
/var/www/bartonphillipsnet/fonts/ibm-plex-otf/IBMPlexSans-Regular.otf
/var/www/bartonphillipsnet/css/test.css
/var/www/bartonphillipsnet/css/blp.css
/var/www/bartonphillipsnet/modules/module.html
/var/www/bartonphillipsnet/js/XRegExp.js
/var/www/bartonphillipsnet/css/normalize.css
/var/www/bartonphillipsnet/modules/xregexp.js
/var/www/bartonphillipsnet/modules/test-module.js
/var/www/bartonphillipsnet/fonts/ibm-plex-otf/IBMPlexSans-Regular.otf
/var/www/bartonphillipsnet/css/test.css
/var/www/bartonphillipsnet/css/blp.css
/var/www/bartonphillipsnet/modules/module.html
/var/www/bartonphillipsnet/js/XRegExp.js
/var/www/bartonphillipsnet/css/normalize.css
/var/www/bartonphillipsnet/modules/xregexp.js
/var/www/bartonphillipsnet/modules/test-module.js
/var/www/bartonphillipsnet/fonts/ibm-plex-otf/IBMPlexSans-Regular.otf
/var/www/bartonphillipsnet/css/test.css
/var/www/bartonphillipsnet/css/blp.css
/var/www/bartonphillipsnet/modules/module.html
/var/www/bartonphillipsnet/js/XRegExp.js
/var/www/bartonphillipsnet/css/normalize.css
/var/www/bartonphillipsnet/modules/xregexp.js
/var/www/bartonphillipsnet/modules/test-module.js
/var/www/bartonphillipsnet/modules/node_modules/lodash/lodash.js
/var/www/bartonphillipsnet/fonts/ibm-plex-otf/IBMPlexSans-Regular.otf
/var/www/bartonphillipsnet/css/test.css
/var/www/bartonphillipsnet/css/blp.css
/var/www/bartonphillipsnet/modules/module.html
/var/www/bartonphillipsnet/js/XRegExp.js
/var/www/bartonphillipsnet/css/normalize.css
/var/www/bartonphillipsnet/modules/xregexp.js
/var/www/bartonphillipsnet/modules/test-module.js
/var/www/bartonphillipsnet/modules/node_modules/lodash/map.js
/var/www/bartonphillipsnet/fonts/ibm-plex-otf/IBMPlexSans-Regular.otf
/var/www/bartonphillipsnet/css/test.css
/var/www/bartonphillipsnet/js/XRegExp.js
/var/www/bartonphillipsnet/css/blp.css
/var/www/bartonphillipsnet/css/normalize.css
/var/www/bartonphillipsnet/modules/xregexp.js
/var/www/bartonphillipsnet/modules/test-module.js
/var/www/bartonphillipsnet/fonts/ibm-plex-otf/IBMPlexSans-Regular.otf
/var/www/bartonphillipsnet/modules/node_modules/lodash/map.js
/var/www/bartonphillipsnet/css/blp.css
/var/www/bartonphillipsnet/css/normalize.css
/var/www/bartonphillipsnet/css/test.css
/var/www/bartonphillipsnet/css/blp.css
/var/www/bartonphillipsnet/js/XRegExp.js
/var/www/bartonphillipsnet/css/normalize.css
/var/www/bartonphillipsnet/modules/xregexp.js
/var/www/bartonphillipsnet/modules/test-module.js
/var/www/bartonphillipsnet/fonts/ibm-plex-otf/IBMPlexSans-Regular.otf
/var/www/bartonphillipsnet/css/test.css
/var/www/bartonphillipsnet/css/blp.css
/var/www/bartonphillipsnet/js/XRegExp.js
/var/www/bartonphillipsnet/css/normalize.css
/var/www/bartonphillipsnet/modules/xregexp.js
/var/www/bartonphillipsnet/modules/test-module.js
/var/www/bartonphillipsnet/modules/node_modules/lodash
MSG: EISDIR, read
URL: null
ERROR:  { Error: EISDIR, read
    at SendStream.ondirectory (/var/www/bartonphillipsnet/server/node_modules/express/lib/response.js:1031:15)
    at SendStream.emit (events.js:180:13)
    at SendStream.redirect (/var/www/bartonphillipsnet/server/node_modules/send/index.js:479:10)
    at onstat (/var/www/bartonphillipsnet/server/node_modules/send/index.js:728:41)
    at FSReqWrap.oncomplete (fs.js:171:5) code: 'EISDIR' }
/var/www/bartonphillipsnet/fonts/ibm-plex-otf/IBMPlexSans-Regular.otf
/var/www/bartonphillipsnet/css/test.css
/var/www/bartonphillipsnet/css/blp.css
/var/www/bartonphillipsnet/js/XRegExp.js
/var/www/bartonphillipsnet/css/normalize.css
/var/www/bartonphillipsnet/modules/xregexp.js
/var/www/bartonphillipsnet/modules/test-module.js
/var/www/bartonphillipsnet/modules/node_modules/lodash
/var/www/bartonphillipsnet/fonts/ibm-plex-otf/IBMPlexSans-Regular.otf
MSG: EISDIR, read
URL: null
ERROR:  { Error: EISDIR, read
    at SendStream.ondirectory (/var/www/bartonphillipsnet/server/node_modules/express/lib/response.js:1031:15)
    at SendStream.emit (events.js:180:13)
    at SendStream.redirect (/var/www/bartonphillipsnet/server/node_modules/send/index.js:479:10)
    at onstat (/var/www/bartonphillipsnet/server/node_modules/send/index.js:728:41)
    at FSReqWrap.oncomplete (fs.js:171:5) code: 'EISDIR' }
/var/www/bartonphillipsnet/css/test.css
/var/www/bartonphillipsnet/css/blp.css
/var/www/bartonphillipsnet/js/XRegExp.js
/var/www/bartonphillipsnet/css/normalize.css
/var/www/bartonphillipsnet/modules/xregexp.js
/var/www/bartonphillipsnet/modules/test-module.js
/var/www/bartonphillipsnet/modules/node_modules/lodash
/var/www/bartonphillipsnet/fonts/ibm-plex-otf/IBMPlexSans-Regular.otf
MSG: EISDIR, read
URL: null
ERROR:  { Error: EISDIR, read
    at SendStream.ondirectory (/var/www/bartonphillipsnet/server/node_modules/express/lib/response.js:1031:15)
    at SendStream.emit (events.js:180:13)
    at SendStream.redirect (/var/www/bartonphillipsnet/server/node_modules/send/index.js:479:10)
    at onstat (/var/www/bartonphillipsnet/server/node_modules/send/index.js:728:41)
    at FSReqWrap.oncomplete (fs.js:171:5) code: 'EISDIR' }
/var/www/bartonphillipsnet/css/test.css
/var/www/bartonphillipsnet/css/blp.css
/var/www/bartonphillipsnet/js/XRegExp.js
/var/www/bartonphillipsnet/css/normalize.css
/var/www/bartonphillipsnet/modules/xregexp.js
/var/www/bartonphillipsnet/modules/test-module.js
/var/www/bartonphillipsnet/modules/node_modules/lodash
/var/www/bartonphillipsnet/fonts/ibm-plex-otf/IBMPlexSans-Regular.otf
MSG: EISDIR, read
URL: null
ERROR:  { Error: EISDIR, read
    at SendStream.ondirectory (/var/www/bartonphillipsnet/server/node_modules/express/lib/response.js:1031:15)
    at SendStream.emit (events.js:180:13)
    at SendStream.redirect (/var/www/bartonphillipsnet/server/node_modules/send/index.js:479:10)
    at onstat (/var/www/bartonphillipsnet/server/node_modules/send/index.js:728:41)
    at FSReqWrap.oncomplete (fs.js:171:5) code: 'EISDIR' }
/var/www/bartonphillipsnet/css/test.css
/var/www/bartonphillipsnet/css/blp.css
/var/www/bartonphillipsnet/js/XRegExp.js
/var/www/bartonphillipsnet/css/normalize.css
/var/www/bartonphillipsnet/modules/xregexp.js
/var/www/bartonphillipsnet/modules/test-module.js
/var/www/bartonphillipsnet/modules/node_modules/lodash
/var/www/bartonphillipsnet/fonts/ibm-plex-otf/IBMPlexSans-Regular.otf
MSG: EISDIR, read
URL: null
ERROR:  { Error: EISDIR, read
    at SendStream.ondirectory (/var/www/bartonphillipsnet/server/node_modules/express/lib/response.js:1031:15)
    at SendStream.emit (events.js:180:13)
    at SendStream.redirect (/var/www/bartonphillipsnet/server/node_modules/send/index.js:479:10)
    at onstat (/var/www/bartonphillipsnet/server/node_modules/send/index.js:728:41)
    at FSReqWrap.oncomplete (fs.js:171:5) code: 'EISDIR' }
/var/www/bartonphillipsnet/css/test.css
/var/www/bartonphillipsnet/css/blp.css
/var/www/bartonphillipsnet/js/XRegExp.js
/var/www/bartonphillipsnet/css/normalize.css
/var/www/bartonphillipsnet/modules/xregexp.js
/var/www/bartonphillipsnet/modules/test-module.js
/var/www/bartonphillipsnet/modules/node_modules/lodash
/var/www/bartonphillipsnet/fonts/ibm-plex-otf/IBMPlexSans-Regular.otf
MSG: EISDIR, read
URL: null
ERROR:  { Error: EISDIR, read
    at SendStream.ondirectory (/var/www/bartonphillipsnet/server/node_modules/express/lib/response.js:1031:15)
    at SendStream.emit (events.js:180:13)
    at SendStream.redirect (/var/www/bartonphillipsnet/server/node_modules/send/index.js:479:10)
    at onstat (/var/www/bartonphillipsnet/server/node_modules/send/index.js:728:41)
    at FSReqWrap.oncomplete (fs.js:171:5) code: 'EISDIR' }
/var/www/bartonphillipsnet/css/test.css
/var/www/bartonphillipsnet/css/blp.css
/var/www/bartonphillipsnet/js/XRegExp.js
/var/www/bartonphillipsnet/modules/module.html
/var/www/bartonphillipsnet/css/normalize.css
/var/www/bartonphillipsnet/modules/xregexp.js
/var/www/bartonphillipsnet/modules/test-module.js
/var/www/bartonphillipsnet/modules/node_modules/lodash/map.js
/var/www/bartonphillipsnet/fonts/ibm-plex-otf/IBMPlexSans-Regular.otf
/var/www/bartonphillipsnet/css/test.css
/var/www/bartonphillipsnet/css/blp.css
/var/www/bartonphillipsnet/js/XRegExp.js
/var/www/bartonphillipsnet/modules/module.html
/var/www/bartonphillipsnet/css/normalize.css
/var/www/bartonphillipsnet/modules/xregexp.js
/var/www/bartonphillipsnet/modules/test-module.js
/var/www/bartonphillipsnet/modules/node_modules/lodash/map.js
/var/www/bartonphillipsnet/fonts/ibm-plex-otf/IBMPlexSans-Regular.otf
/var/www/bartonphillipsnet/css/test.css
/var/www/bartonphillipsnet/css/blp.css
/var/www/bartonphillipsnet/js/XRegExp.js
/var/www/bartonphillipsnet/modules/module.html
/var/www/bartonphillipsnet/css/normalize.css
/var/www/bartonphillipsnet/modules/xregexp.js
/var/www/bartonphillipsnet/modules/test-module.js
/var/www/bartonphillipsnet/fonts/ibm-plex-otf/IBMPlexSans-Regular.otf
/var/www/bartonphillipsnet/css/test.css
/var/www/bartonphillipsnet/css/blp.css
/var/www/bartonphillipsnet/js/XRegExp.js
/var/www/bartonphillipsnet/modules/module.html
/var/www/bartonphillipsnet/css/normalize.css
/var/www/bartonphillipsnet/modules/xregexp.js
/var/www/bartonphillipsnet/modules/test-module.js
/var/www/bartonphillipsnet/modules/node_modules/xregexp/src/index.js
/var/www/bartonphillipsnet/modules/node_modules/xregexp/src/xregexp
/var/www/bartonphillipsnet/modules/node_modules/xregexp/src/addons/build
/var/www/bartonphillipsnet/modules/node_modules/xregexp/src/addons/matchrecursive
/var/www/bartonphillipsnet/modules/node_modules/xregexp/src/addons/unicode-base
/var/www/bartonphillipsnet/modules/node_modules/xregexp/src/addons/unicode-blocks
/var/www/bartonphillipsnet/modules/node_modules/xregexp/src/addons/unicode-categories
/var/www/bartonphillipsnet/modules/node_modules/xregexp/src/addons/unicode-properties
/var/www/bartonphillipsnet/modules/node_modules/xregexp/src/addons/unicode-scripts
MSG: ENOENT: no such file or directory, stat '/var/www/bartonphillipsnet/modules/node_modules/xregexp/src/xregexp'
URL: /modules/node_modules/xregexp/src/xregexp
ERROR:  { Error: ENOENT: no such file or directory, stat '/var/www/bartonphillipsnet/modules/node_modules/xregexp/src/xregexp'
  errno: -2,
  code: 'ENOENT',
  syscall: 'stat',
  path: '/var/www/bartonphillipsnet/modules/node_modules/xregexp/src/xregexp',
  expose: false,
  statusCode: 404,
  status: 404 }
MSG: ENOENT: no such file or directory, stat '/var/www/bartonphillipsnet/modules/node_modules/xregexp/src/addons/build'
URL: /modules/node_modules/xregexp/src/addons/build
ERROR:  { Error: ENOENT: no such file or directory, stat '/var/www/bartonphillipsnet/modules/node_modules/xregexp/src/addons/build'
  errno: -2,
  code: 'ENOENT',
  syscall: 'stat',
  path: '/var/www/bartonphillipsnet/modules/node_modules/xregexp/src/addons/build',
  expose: false,
  statusCode: 404,
  status: 404 }
MSG: ENOENT: no such file or directory, stat '/var/www/bartonphillipsnet/modules/node_modules/xregexp/src/addons/matchrecursive'
URL: /modules/node_modules/xregexp/src/addons/matchrecursive
ERROR:  { Error: ENOENT: no such file or directory, stat '/var/www/bartonphillipsnet/modules/node_modules/xregexp/src/addons/matchrecursive'
  errno: -2,
  code: 'ENOENT',
  syscall: 'stat',
  path: '/var/www/bartonphillipsnet/modules/node_modules/xregexp/src/addons/matchrecursive',
  expose: false,
  statusCode: 404,
  status: 404 }
MSG: ENOENT: no such file or directory, stat '/var/www/bartonphillipsnet/modules/node_modules/xregexp/src/addons/unicode-base'
URL: /modules/node_modules/xregexp/src/addons/unicode-base
ERROR:  { Error: ENOENT: no such file or directory, stat '/var/www/bartonphillipsnet/modules/node_modules/xregexp/src/addons/unicode-base'
  errno: -2,
  code: 'ENOENT',
  syscall: 'stat',
  path: '/var/www/bartonphillipsnet/modules/node_modules/xregexp/src/addons/unicode-base',
  expose: false,
  statusCode: 404,
  status: 404 }
MSG: ENOENT: no such file or directory, stat '/var/www/bartonphillipsnet/modules/node_modules/xregexp/src/addons/unicode-blocks'
URL: /modules/node_modules/xregexp/src/addons/unicode-blocks
ERROR:  { Error: ENOENT: no such file or directory, stat '/var/www/bartonphillipsnet/modules/node_modules/xregexp/src/addons/unicode-blocks'
  errno: -2,
  code: 'ENOENT',
  syscall: 'stat',
  path: '/var/www/bartonphillipsnet/modules/node_modules/xregexp/src/addons/unicode-blocks',
  expose: false,
  statusCode: 404,
  status: 404 }
MSG: ENOENT: no such file or directory, stat '/var/www/bartonphillipsnet/modules/node_modules/xregexp/src/addons/unicode-categories'
URL: /modules/node_modules/xregexp/src/addons/unicode-categories
ERROR:  { Error: ENOENT: no such file or directory, stat '/var/www/bartonphillipsnet/modules/node_modules/xregexp/src/addons/unicode-categories'
  errno: -2,
  code: 'ENOENT',
  syscall: 'stat',
  path: '/var/www/bartonphillipsnet/modules/node_modules/xregexp/src/addons/unicode-categories',
  expose: false,
  statusCode: 404,
  status: 404 }
MSG: ENOENT: no such file or directory, stat '/var/www/bartonphillipsnet/modules/node_modules/xregexp/src/addons/unicode-properties'
URL: /modules/node_modules/xregexp/src/addons/unicode-properties
ERROR:  { Error: ENOENT: no such file or directory, stat '/var/www/bartonphillipsnet/modules/node_modules/xregexp/src/addons/unicode-properties'
  errno: -2,
  code: 'ENOENT',
  syscall: 'stat',
  path: '/var/www/bartonphillipsnet/modules/node_modules/xregexp/src/addons/unicode-properties',
  expose: false,
  statusCode: 404,
  status: 404 }
MSG: ENOENT: no such file or directory, stat '/var/www/bartonphillipsnet/modules/node_modules/xregexp/src/addons/unicode-scripts'
URL: /modules/node_modules/xregexp/src/addons/unicode-scripts
ERROR:  { Error: ENOENT: no such file or directory, stat '/var/www/bartonphillipsnet/modules/node_modules/xregexp/src/addons/unicode-scripts'
  errno: -2,
  code: 'ENOENT',
  syscall: 'stat',
  path: '/var/www/bartonphillipsnet/modules/node_modules/xregexp/src/addons/unicode-scripts',
  expose: false,
  statusCode: 404,
  status: 404 }
/var/www/bartonphillipsnet/fonts/ibm-plex-otf/IBMPlexSans-Regular.otf
